<?xml version="1.0" encoding="UTF-8"?>
<!-- Generated by org.testng.reporters.JUnitReportReporter -->
<testsuite hostname="DESKTOP-MJ9U4K8" failures="0" tests="1" name="com.crm.vtiger.tests.ReadDatabase" time="0.368" errors="0" timestamp="2021-05-15T21:53:49 IST" skipped="0">
  <testcase classname="com.crm.vtiger.tests.ReadDatabase" name="databaseread" time="0.368"/>
  <system-out/>
</testsuite> <!-- com.crm.vtiger.tests.ReadDatabase -->
